<?xml version="1.0" encoding="UTF-8"?>
<!-- Generated by org.testng.reporters.JUnitReportReporter -->
<testsuite hostname="ATMECSINLT-601" failures="0" tests="1" name="com.atmecs.windowshandling.testscript.SampleTestScript" time="22.970" errors="0" timestamp="24 Nov 2020 15:01:39 GMT" skipped="0">
  <testcase classname="com.atmecs.windowshandling.testscript.SampleTestScript" name="sampleTest" time="22.970"/>
</testsuite> <!-- com.atmecs.windowshandling.testscript.SampleTestScript -->
