<?xml version="1.0" encoding="UTF-8"?>
<!-- Generated by org.testng.reporters.JUnitReportReporter -->
<testsuite hostname="ATMECSINLT-601" failures="0" tests="1" name="com.atmecs.windowshandling.testscript.HandlingWindows" time="26.309" errors="0" timestamp="25 Nov 2020 08:16:59 GMT" skipped="0">
  <testcase classname="com.atmecs.windowshandling.testscript.HandlingWindows" name="sampleTest" time="26.309"/>
</testsuite> <!-- com.atmecs.windowshandling.testscript.HandlingWindows -->
